<?xml version="1.0" encoding="UTF-8"?>
<testng-results skipped="0" failed="0" total="1" passed="1">
  <reporter-output>
  </reporter-output>
  <suite name="Default suite" duration-ms="118172" started-at="2021-02-04T02:57:55Z" finished-at="2021-02-04T02:59:53Z">
    <groups>
      <group name="cucumber">
        <method signature="AbstractTestNGCucumberTests.feature(cucumber.api.testng.CucumberFeatureWrapper)[pri:0, instance:HM_Portal_Automation.runner.MainRunner@1460a8c0]" name="feature" class="cucumber.api.testng.AbstractTestNGCucumberTests"/>
      </group> <!-- cucumber -->
    </groups>
    <test name="Default test" duration-ms="118172" started-at="2021-02-04T02:57:55Z" finished-at="2021-02-04T02:59:53Z">
      <class name="HM_Portal_Automation.runner.MainRunner">
        <test-method status="PASS" signature="setUpClass()[pri:0, instance:HM_Portal_Automation.runner.MainRunner@1460a8c0]" name="setUpClass" is-config="true" duration-ms="143" started-at="2021-02-03T18:57:55Z" finished-at="2021-02-03T18:57:55Z">
          <reporter-output>
          </reporter-output>
        </test-method> <!-- setUpClass -->
        <test-method status="PASS" signature="feature(cucumber.api.testng.CucumberFeatureWrapper)[pri:0, instance:HM_Portal_Automation.runner.MainRunner@1460a8c0]" name="feature" duration-ms="117711" started-at="2021-02-03T18:57:55Z" description="Runs Cucumber Feature" data-provider="features" finished-at="2021-02-03T18:59:53Z">
          <params>
            <param index="0">
              <value>
                <![CDATA[Harvestmark Portal Login and check all Company links]]>
              </value>
            </param>
          </params>
          <reporter-output>
          </reporter-output>
        </test-method> <!-- feature -->
        <test-method status="PASS" signature="tearDownClass()[pri:0, instance:HM_Portal_Automation.runner.MainRunner@1460a8c0]" name="tearDownClass" is-config="true" duration-ms="261" started-at="2021-02-03T18:59:53Z" finished-at="2021-02-03T18:59:53Z">
          <reporter-output>
          </reporter-output>
        </test-method> <!-- tearDownClass -->
      </class> <!-- HM_Portal_Automation.runner.MainRunner -->
    </test> <!-- Default test -->
  </suite> <!-- Default suite -->
</testng-results>
